#
# A fatal error has been detected by the Java Runtime Environment:
#
#  EXCEPTION_ACCESS_VIOLATION (0xc0000005) at pc=0x00007ff951c55bb6, pid=1552, tid=5384
#
# JRE version: Java(TM) SE Runtime Environment (19.0.2+7) (build 19.0.2+7-44)
# Java VM: Java HotSpot(TM) 64-Bit Server VM (19.0.2+7-44, mixed mode, sharing, tiered, compressed oops, compressed class ptrs, g1 gc, windows-amd64)
# Problematic frame:
# C  [ntdll.dll+0x25bb6]
#
# No core dump will be written. Minidumps are not enabled by default on client versions of Windows
#
# If you would like to submit a bug report, please visit:
#   https://bugreport.java.com/bugreport/crash.jsp
# The crash happened outside the Java Virtual Machine in native code.
# See problematic frame for where to report the bug.
#

---------------  S U M M A R Y ------------

Command Line: -javaagent:E:\IntelliJ IDEA Community Edition 2023.1.2\lib\idea_rt.jar=63200:E:\IntelliJ IDEA Community Edition 2023.1.2\bin -Dfile.encoding=UTF-8 -Dsun.stdout.encoding=UTF-8 -Dsun.stderr.encoding=UTF-8 --module-path=C:\Users\Ilya\.m2\repository\net\java\dev\jna\jna-platform\5.13.0\jna-platform-5.13.0.jar;C:\Users\Ilya\.m2\repository\io\netty\netty-codec\4.1.93.Final\netty-codec-4.1.93.Final.jar;C:\Users\Ilya\.m2\repository\org\openjfx\javafx-controls\19\javafx-controls-19-win.jar;C:\Users\Ilya\.m2\repository\org\openjfx\javafx-base\19\javafx-base-19-win.jar;C:\Users\Ilya\.m2\repository\net\java\dev\jna\jna\5.13.0\jna-5.13.0.jar;C:\Users\Ilya\.m2\repository\org\openjfx\javafx-graphics\19\javafx-graphics-19-win.jar;C:\Users\Ilya\IdeaProjects\SaurenClient\target\classes;C:\Users\Ilya\.m2\repository\org\openjfx\javafx-fxml\19\javafx-fxml-19-win.jar;C:\Users\Ilya\.m2\repository\io\netty\netty-transport\4.1.93.Final\netty-transport-4.1.93.Final.jar -Djdk.module.main=com.example.client com.example.client/com.sauren.sauren.HelloApplication

Host: Intel(R) Core(TM) i5-9300H CPU @ 2.40GHz, 8 cores, 7G,  Windows 10 , 64 bit Build 19041 (10.0.19041.1200)
Time: Tue Jun  6 13:14:10 2023 RTZ 2 (s 10 , 64 bit Build 19041 (10.0.19041.1200) elapsed time: 7.693518 seconds (0d 0h 0m 7s)

---------------  T H R E A D  ---------------

Current thread (0x00000200a7f468d0):  JavaThread "Thread-5" [_thread_in_native, id=5384, stack(0x0000009d84800000,0x0000009d84900000)]

Stack: [0x0000009d84800000,0x0000009d84900000],  sp=0x0000009d848fdcf0,  free space=1015k
Native frames: (J=compiled Java code, j=interpreted, Vv=VM code, C=native code)
C  [ntdll.dll+0x25bb6]
C  [ntdll.dll+0x247b1]
C  0x00007ff9093b0ee4

Java frames: (J=compiled Java code, j=interpreted, Vv=VM code)
j  com.sun.jna.Native.registerMethod(Ljava/lang/Class;Ljava/lang/String;Ljava/lang/String;[I[J[JIJJLjava/lang/reflect/Method;JIZ[Lcom/sun/jna/ToNativeConverter;Lcom/sun/jna/FromNativeConverter;Ljava/lang/String;)J+0 com.sun.jna@5.13.0
j  com.sun.jna.Native.register(Ljava/lang/Class;Lcom/sun/jna/NativeLibrary;)V+1159 com.sun.jna@5.13.0
j  com.sun.jna.Native.register(Ljava/lang/Class;Ljava/lang/String;)V+17 com.sun.jna@5.13.0
j  com.sun.jna.Native.register(Ljava/lang/String;)V+7 com.sun.jna@5.13.0
j  com.sauren.sauren.EnumerateWindows$Kernel32.<clinit>()V+2 com.example.client
v  ~StubRoutines::call_stub 0x000002008f3d100e
j  com.sauren.sauren.EnumerateWindows.activeWindow()Ljava/lang/String;+22 com.example.client
j  com.sauren.sauren.HelloController.lambda$sendMsgAction$3()V+33 com.example.client
j  com.sauren.sauren.HelloController$$Lambda$452+0x000000080125d248.run()V+4 com.example.client
j  java.lang.Thread.run()V+13 java.base@19.0.2
v  ~StubRoutines::call_stub 0x000002008f3d100e

siginfo: EXCEPTION_ACCESS_VIOLATION (0xc0000005), reading address 0x00000000044daf3f


Registers:
RAX=0x0000000000000000, RBX=0x00000200fdf60000, RCX=0x00000200fdf60000, RDX=0x00000000044daf40
RSP=0x0000009d848fdcf0, RBP=0x0000000000000000, RSI=0x00000200fdf60000, RDI=0x0000000000000000
R8 =0x0000000000000000, R9 =0x0000000000000000, R10=0x0000000000000038, R11=0x0000009d848fddc0
R12=0x0000000000000000, R13=0x00000000044daf40, R14=0x00000000044daf30, R15=0x00000200a7f468d0
RIP=0x00007ff951c55bb6, EFLAGS=0x0000000000010246


Register to memory mapping:

RIP=0x00007ff951c55bb6 ntdll.dll
RAX=0x0 is NULL
RBX=0x00000200fdf60000 points into unknown readable memory: 0x0000000000000000 | 00 00 00 00 00 00 00 00
RCX=0x00000200fdf60000 points into unknown readable memory: 0x0000000000000000 | 00 00 00 00 00 00 00 00
RDX=0x00000000044daf40 is an unknown value
RSP=0x0000009d848fdcf0 is pointing into the stack for thread: 0x00000200a7f468d0
RBP=0x0 is NULL
RSI=0x00000200fdf60000 points into unknown readable memory: 0x0000000000000000 | 00 00 00 00 00 00 00 00
RDI=0x0 is NULL
R8 =0x0 is NULL
R9 =0x0 is NULL
R10=0x0000000000000038 is an unknown value
R11=0x0000009d848fddc0 is pointing into the stack for thread: 0x00000200a7f468d0
R12=0x0 is NULL
R13=0x00000000044daf40 is an unknown value
R14=0x00000000044daf30 is an unknown value
R15=0x00000200a7f468d0 is a thread


Top of Stack: (sp=0x0000009d848fdcf0)
0x0000009d848fdcf0:   0000000000000218 00007ff8bdedb125
0x0000009d848fdd00:   00000200a815fb90 00007ff8be577e00
0x0000009d848fdd10:   00000200a7f468d0 00000000000003d8
0x0000009d848fdd20:   0000009d848fdf10 0000000000000000
0x0000009d848fdd30:   0000000000000000 0000000000000000
0x0000009d848fdd40:   0000000800086750 0000000000000000
0x0000009d848fdd50:   00000200a7f468d0 00007ff8be0169fa
0x0000009d848fdd60:   00000200a8e01790 0000000000000000
0x0000009d848fdd70:   0000000000000000 00007ff8bddb62c5
0x0000009d848fdd80:   00000200a7f468d0 0000009d848fe4e0
0x0000009d848fdd90:   000002009fd0a978 0000000000000000
0x0000009d848fdda0:   00000000044daf40 00007ff951c547b1
0x0000009d848fddb0:   00000200a7f468d0 00000200fdf60000
0x0000009d848fddc0:   0000009d848fe430 0000000000000000
0x0000009d848fddd0:   0000000000000000 00007ff909395cea
0x0000009d848fdde0:   0000000089466832 00007ff9093b0ee4 

Instructions: (pc=0x00007ff951c55bb6)
0x00007ff951c55ab6:   85 c0 0f 85 03 0e 08 00 b9 80 03 fe 7f 40 38 39
0x00007ff951c55ac6:   0f 84 2f fe ff ff e9 0c 0e 08 00 45 33 c0 48 8b
0x00007ff951c55ad6:   d3 49 8b ce e8 c1 0e fe ff e8 6c ed ff ff 85 c0
0x00007ff951c55ae6:   0f 85 9b 0e 08 00 b9 80 03 fe 7f 40 38 39 0f 84
0x00007ff951c55af6:   01 fe ff ff e9 a4 0e 08 00 41 b8 02 00 00 00 e9
0x00007ff951c55b06:   60 fc ff ff f7 41 74 00 00 00 01 75 4e f6 41 78
0x00007ff951c55b16:   01 0f 85 2d 0f 08 00 41 f6 c5 0f 0f 84 87 00 00
0x00007ff951c55b26:   00 45 33 c9 48 89 7c 24 28 4d 8b c5 48 89 7c 24
0x00007ff951c55b36:   20 48 8b d6 41 8d 49 09 e8 c9 82 0e 00 4d 85 f6
0x00007ff951c55b46:   0f 84 0b 0f 08 00 41 80 7d ff 05 0f 84 31 0f 08
0x00007ff951c55b56:   00 41 38 7e 0f 0f 8c 96 10 08 00 8b d5 4d 8b cd
0x00007ff951c55b66:   83 ca 02 4d 8b c6 48 8b ce e8 8c 00 00 00 44 0f
0x00007ff951c55b76:   b6 f8 84 c0 0f 84 9b fd ff ff 48 8b 84 24 e0 00
0x00007ff951c55b86:   00 00 48 85 c0 74 03 66 89 38 4d 85 e4 74 04 49
0x00007ff951c55b96:   89 3c 24 48 8b ce e8 7f ec ff ff 85 c0 0f 84 72
0x00007ff951c55ba6:   fd ff ff e9 9a 15 08 00 4c 8d 72 f0 41 0f 0d 0e
0x00007ff951c55bb6:   41 80 7e 0f 05 75 0c 41 0f b6 46 0e 48 c1 e0 04
0x00007ff951c55bc6:   4c 2b f0 41 f6 46 0f 3f 0f 85 6f ff ff ff 45 33
0x00007ff951c55bd6:   c9 48 89 7c 24 28 4d 8b c6 48 89 7c 24 20 48 8b
0x00007ff951c55be6:   d6 41 8d 49 08 e8 1c 82 0e 00 4c 8b f7 e9 4b ff
0x00007ff951c55bf6:   ff ff cc cc cc cc cc cc cc cc 48 89 5c 24 10 48
0x00007ff951c55c06:   89 74 24 20 4c 89 44 24 18 48 89 4c 24 08 57 41
0x00007ff951c55c16:   54 41 55 41 56 41 57 48 81 ec 80 01 00 00 4d 8b
0x00007ff951c55c26:   f8 8b fa 48 8b d9 41 b4 01 44 88 64 24 41 c6 44
0x00007ff951c55c36:   24 40 00 c7 44 24 74 01 00 00 00 45 33 ed 4c 89
0x00007ff951c55c46:   ac 24 88 00 00 00 66 44 89 6c 24 44 49 3b c8 75
0x00007ff951c55c56:   39 4c 89 6c 24 28 4c 89 6c 24 20 45 33 c9 48 8b
0x00007ff951c55c66:   d1 41 8d 4d 09 e8 9c 81 0e 00 33 c0 4c 8d 9c 24
0x00007ff951c55c76:   80 01 00 00 49 8b 5b 38 49 8b 73 48 49 8b e3 41
0x00007ff951c55c86:   5f 41 5e 41 5d 41 5c 5f c3 cc 0b 79 74 f7 c7 60
0x00007ff951c55c96:   0f 01 7d 74 28 45 32 e4 44 88 64 24 41 41 b8 04
0x00007ff951c55ca6:   00 00 00 f7 c7 00 00 00 61 74 18 0f ba e7 1c 72 


Stack slot to memory mapping:
stack at sp + 0 slots: 0x0000000000000218 is an unknown value
stack at sp + 1 slots: 0x00007ff8bdedb125 jvm.dll
stack at sp + 2 slots: 0x00000200a815fb90 points into unknown readable memory: 0x00007ff8be5b0850 | 50 08 5b be f8 7f 00 00
stack at sp + 3 slots: 0x00007ff8be577e00 jvm.dll
stack at sp + 4 slots: 0x00000200a7f468d0 is a thread
stack at sp + 5 slots: 0x00000000000003d8 is an unknown value
stack at sp + 6 slots: 0x0000009d848fdf10 is pointing into the stack for thread: 0x00000200a7f468d0
stack at sp + 7 slots: 0x0 is NULL


---------------  P R O C E S S  ---------------

Threads class SMR info:
_java_thread_list=0x00000200a85c3480, length=24, elements={
0x00000200fe0b8380, 0x000002009e84d2f0, 0x000002009e84e0e0, 0x000002009e851880,
0x000002009e8547c0, 0x000002009e853500, 0x000002009e855700, 0x000002009e85e370,
0x000002009e866a20, 0x000002009e867610, 0x00000200a2cb0e90, 0x00000200a30d8a10,
0x00000200a2ffe510, 0x00000200a338f2d0, 0x00000200a356c790, 0x00000200a3597570,
0x00000200a7f448f0, 0x00000200a7f43e50, 0x00000200a7f47370, 0x00000200a7f45e30,
0x00000200a7f443a0, 0x00000200a7f468d0, 0x00000200a7f44e40, 0x00000200a7f458e0
}

Java Threads: ( => current thread )
  0x00000200fe0b8380 JavaThread "main" [_thread_blocked, id=11132, stack(0x0000009d81f00000,0x0000009d82000000)]
  0x000002009e84d2f0 JavaThread "Reference Handler" daemon [_thread_blocked, id=9652, stack(0x0000009d82600000,0x0000009d82700000)]
  0x000002009e84e0e0 JavaThread "Finalizer" daemon [_thread_blocked, id=6792, stack(0x0000009d82700000,0x0000009d82800000)]
  0x000002009e851880 JavaThread "Signal Dispatcher" daemon [_thread_blocked, id=3400, stack(0x0000009d82800000,0x0000009d82900000)]
  0x000002009e8547c0 JavaThread "Attach Listener" daemon [_thread_blocked, id=8628, stack(0x0000009d82900000,0x0000009d82a00000)]
  0x000002009e853500 JavaThread "Service Thread" daemon [_thread_blocked, id=8128, stack(0x0000009d82a00000,0x0000009d82b00000)]
  0x000002009e855700 JavaThread "Monitor Deflation Thread" daemon [_thread_blocked, id=6836, stack(0x0000009d82b00000,0x0000009d82c00000)]
  0x000002009e85e370 JavaThread "C2 CompilerThread0" daemon [_thread_blocked, id=4164, stack(0x0000009d82c00000,0x0000009d82d00000)]
  0x000002009e866a20 JavaThread "C1 CompilerThread0" daemon [_thread_blocked, id=2020, stack(0x0000009d82d00000,0x0000009d82e00000)]
  0x000002009e867610 JavaThread "Sweeper thread" daemon [_thread_blocked, id=2956, stack(0x0000009d82e00000,0x0000009d82f00000)]
  0x00000200a2cb0e90 JavaThread "Common-Cleaner" daemon [_thread_blocked, id=6660, stack(0x0000009d82f00000,0x0000009d83000000)]
  0x00000200a30d8a10 JavaThread "Monitor Ctrl-Break" daemon [_thread_in_native, id=8476, stack(0x0000009d83100000,0x0000009d83200000)]
  0x00000200a2ffe510 JavaThread "Notification Thread" daemon [_thread_blocked, id=3096, stack(0x0000009d83200000,0x0000009d83300000)]
  0x00000200a338f2d0 JavaThread "QuantumRenderer-0" daemon [_thread_blocked, id=8152, stack(0x0000009d83400000,0x0000009d83500000)]
  0x00000200a356c790 JavaThread "InvokeLaterDispatcher" daemon [_thread_blocked, id=4660, stack(0x0000009d83600000,0x0000009d83700000)]
  0x00000200a3597570 JavaThread "JavaFX Application Thread" [_thread_in_native, id=10876, stack(0x0000009d83700000,0x0000009d83800000)]
  0x00000200a7f448f0 JavaThread "JavaFX-Launcher" [_thread_blocked, id=8072, stack(0x0000009d83900000,0x0000009d83a00000)]
  0x00000200a7f43e50 JavaThread "Thread-2" daemon [_thread_in_native, id=6168, stack(0x0000009d83000000,0x0000009d83100000)]
  0x00000200a7f47370 JavaThread "Prism Font Disposer" daemon [_thread_blocked, id=8800, stack(0x0000009d84300000,0x0000009d84400000)]
  0x00000200a7f45e30 JavaThread "Cleaner-0" daemon [_thread_blocked, id=3000, stack(0x0000009d84400000,0x0000009d84500000)]
  0x00000200a7f443a0 JavaThread "Thread-4" [_thread_blocked, id=6664, stack(0x0000009d84700000,0x0000009d84800000)]
=>0x00000200a7f468d0 JavaThread "Thread-5" [_thread_in_native, id=5384, stack(0x0000009d84800000,0x0000009d84900000)]
  0x00000200a7f44e40 JavaThread "nioEventLoopGroup-2-1" [_thread_in_native, id=876, stack(0x0000009d83f00000,0x0000009d84000000)]
  0x00000200a7f458e0 JavaThread "JNA Cleaner" daemon [_thread_blocked, id=404, stack(0x0000009d84a00000,0x0000009d84b00000)]

Other Threads:
  0x000002009e82d5a0 VMThread "VM Thread" [stack: 0x0000009d82500000,0x0000009d82600000] [id=8656]
  0x00000200a30c0810 WatcherThread "VM Periodic Task Thread" [stack: 0x0000009d83300000,0x0000009d83400000] [id=8812]
  0x00000200fe111280 WorkerThread "GC Thread#0" [stack: 0x0000009d82000000,0x0000009d82100000] [id=888]
  0x00000200a30760e0 WorkerThread "GC Thread#1" [stack: 0x0000009d83a00000,0x0000009d83b00000] [id=5796]
  0x00000200a8010e90 WorkerThread "GC Thread#2" [stack: 0x0000009d83b00000,0x0000009d83c00000] [id=8856]
  0x00000200a80108f0 WorkerThread "GC Thread#3" [stack: 0x0000009d83c00000,0x0000009d83d00000] [id=6720]
  0x00000200a800f810 WorkerThread "GC Thread#4" [stack: 0x0000009d83d00000,0x0000009d83e00000] [id=9844]
  0x00000200a8010350 WorkerThread "GC Thread#5" [stack: 0x0000009d83e00000,0x0000009d83f00000] [id=8500]
  0x00000200a8011160 WorkerThread "GC Thread#6" [stack: 0x0000009d84500000,0x0000009d84600000] [id=7788]
  0x00000200a8012240 WorkerThread "GC Thread#7" [stack: 0x0000009d84600000,0x0000009d84700000] [id=8268]
  0x00000200fe123cf0 ConcurrentGCThread "G1 Main Marker" [stack: 0x0000009d82100000,0x0000009d82200000] [id=11000]
  0x00000200fe124630 WorkerThread "G1 Conc#0" [stack: 0x0000009d82200000,0x0000009d82300000] [id=5408]
  0x000002009e6ed520 ConcurrentGCThread "G1 Refine#0" [stack: 0x0000009d82300000,0x0000009d82400000] [id=10480]
  0x000002009e6edf70 ConcurrentGCThread "G1 Service" [stack: 0x0000009d82400000,0x0000009d82500000] [id=6380]

Threads with active compile tasks:

VM state: not at safepoint (normal execution)

VM Mutex/Monitor currently owned by a thread: None

Heap address: 0x0000000082600000, size: 2010 MB, Compressed Oops mode: 32-bit

CDS archive(s) mapped at: [0x0000000800000000-0x0000000800c40000-0x0000000800c40000), size 12845056, SharedBaseAddress: 0x0000000800000000, ArchiveRelocationMode: 0.
Compressed class space mapped at: 0x0000000801000000-0x0000000841000000, reserved size: 1073741824
Narrow klass base: 0x0000000800000000, Narrow klass shift: 0, Narrow klass range: 0x100000000

GC Precious Log:
 CardTable entry size: 512
 Card Set container configuration: InlinePtr #cards 5 size 8 Array Of Cards #cards 12 size 40 Howl #buckets 4 coarsen threshold 1843 Howl Bitmap #cards 512 size 80 coarsen threshold 460 Card regions per heap region 1 cards per card region 2048
 CPUs: 8 total, 8 available
 Memory: 8032M
 Large Page Support: Disabled
 NUMA Support: Disabled
 Compressed Oops: Enabled (32-bit)
 Heap Region Size: 1M
 Heap Min Capacity: 8M
 Heap Initial Capacity: 126M
 Heap Max Capacity: 2010M
 Pre-touch: Disabled
 Parallel Workers: 8
 Concurrent Workers: 2
 Concurrent Refinement Workers: 8
 Periodic GC: Disabled

Heap:
 garbage-first heap   total 129024K, used 24539K [0x0000000082600000, 0x0000000100000000)
  region size 1024K, 21 young (21504K), 5 survivors (5120K)
 Metaspace       used 20477K, committed 20864K, reserved 1114112K
  class space    used 2826K, committed 3008K, reserved 1048576K

Heap Regions: E=young(eden), S=young(survivor), O=old, HS=humongous(starts), HC=humongous(continues), CS=collection set, F=free, OA=open archive, CA=closed archive, TAMS=top-at-mark-start (previous, next)
|   0|0x0000000082600000, 0x0000000082700000, 0x0000000082700000|100%| O|  |TAMS 0x0000000082600000, 0x0000000082600000| Untracked 
|   1|0x0000000082700000, 0x0000000082800000, 0x0000000082800000|100%|HS|  |TAMS 0x0000000082700000, 0x0000000082700000| Complete 
|   2|0x0000000082800000, 0x0000000082900000, 0x0000000082900000|100%|HC|  |TAMS 0x0000000082800000, 0x0000000082800000| Complete 
|   3|0x0000000082900000, 0x0000000082a00000, 0x0000000082a00000|100%| O|  |TAMS 0x0000000082900000, 0x0000000082900000| Untracked 
|   4|0x0000000082a00000, 0x0000000082b00000, 0x0000000082b00000|100%| O|  |TAMS 0x0000000082a00000, 0x0000000082a00000| Untracked 
|   5|0x0000000082b00000, 0x0000000082b39000, 0x0000000082c00000| 22%| O|  |TAMS 0x0000000082b00000, 0x0000000082b00000| Untracked 
|   6|0x0000000082c00000, 0x0000000082c00000, 0x0000000082d00000|  0%| F|  |TAMS 0x0000000082c00000, 0x0000000082c00000| Untracked 
|   7|0x0000000082d00000, 0x0000000082d00000, 0x0000000082e00000|  0%| F|  |TAMS 0x0000000082d00000, 0x0000000082d00000| Untracked 
|   8|0x0000000082e00000, 0x0000000082e00000, 0x0000000082f00000|  0%| F|  |TAMS 0x0000000082e00000, 0x0000000082e00000| Untracked 
|   9|0x0000000082f00000, 0x0000000082f00000, 0x0000000083000000|  0%| F|  |TAMS 0x0000000082f00000, 0x0000000082f00000| Untracked 
|  10|0x0000000083000000, 0x0000000083000000, 0x0000000083100000|  0%| F|  |TAMS 0x0000000083000000, 0x0000000083000000| Untracked 
|  11|0x0000000083100000, 0x0000000083100000, 0x0000000083200000|  0%| F|  |TAMS 0x0000000083100000, 0x0000000083100000| Untracked 
|  12|0x0000000083200000, 0x0000000083200000, 0x0000000083300000|  0%| F|  |TAMS 0x0000000083200000, 0x0000000083200000| Untracked 
|  13|0x0000000083300000, 0x0000000083300000, 0x0000000083400000|  0%| F|  |TAMS 0x0000000083300000, 0x0000000083300000| Untracked 
|  14|0x0000000083400000, 0x0000000083400000, 0x0000000083500000|  0%| F|  |TAMS 0x0000000083400000, 0x0000000083400000| Untracked 
|  15|0x0000000083500000, 0x0000000083500000, 0x0000000083600000|  0%| F|  |TAMS 0x0000000083500000, 0x0000000083500000| Untracked 
|  16|0x0000000083600000, 0x0000000083600000, 0x0000000083700000|  0%| F|  |TAMS 0x0000000083600000, 0x0000000083600000| Untracked 
|  17|0x0000000083700000, 0x0000000083700000, 0x0000000083800000|  0%| F|  |TAMS 0x0000000083700000, 0x0000000083700000| Untracked 
|  18|0x0000000083800000, 0x0000000083800000, 0x0000000083900000|  0%| F|  |TAMS 0x0000000083800000, 0x0000000083800000| Untracked 
|  19|0x0000000083900000, 0x0000000083900000, 0x0000000083a00000|  0%| F|  |TAMS 0x0000000083900000, 0x0000000083900000| Untracked 
|  20|0x0000000083a00000, 0x0000000083a00000, 0x0000000083b00000|  0%| F|  |TAMS 0x0000000083a00000, 0x0000000083a00000| Untracked 
|  21|0x0000000083b00000, 0x0000000083b00000, 0x0000000083c00000|  0%| F|  |TAMS 0x0000000083b00000, 0x0000000083b00000| Untracked 
|  22|0x0000000083c00000, 0x0000000083c00000, 0x0000000083d00000|  0%| F|  |TAMS 0x0000000083c00000, 0x0000000083c00000| Untracked 
|  23|0x0000000083d00000, 0x0000000083d00000, 0x0000000083e00000|  0%| F|  |TAMS 0x0000000083d00000, 0x0000000083d00000| Untracked 
|  24|0x0000000083e00000, 0x0000000083e00000, 0x0000000083f00000|  0%| F|  |TAMS 0x0000000083e00000, 0x0000000083e00000| Untracked 
|  25|0x0000000083f00000, 0x0000000083f00000, 0x0000000084000000|  0%| F|  |TAMS 0x0000000083f00000, 0x0000000083f00000| Untracked 
|  26|0x0000000084000000, 0x0000000084000000, 0x0000000084100000|  0%| F|  |TAMS 0x0000000084000000, 0x0000000084000000| Untracked 
|  27|0x0000000084100000, 0x0000000084100000, 0x0000000084200000|  0%| F|  |TAMS 0x0000000084100000, 0x0000000084100000| Untracked 
|  28|0x0000000084200000, 0x0000000084200000, 0x0000000084300000|  0%| F|  |TAMS 0x0000000084200000, 0x0000000084200000| Untracked 
|  29|0x0000000084300000, 0x0000000084300000, 0x0000000084400000|  0%| F|  |TAMS 0x0000000084300000, 0x0000000084300000| Untracked 
|  30|0x0000000084400000, 0x0000000084400000, 0x0000000084500000|  0%| F|  |TAMS 0x0000000084400000, 0x0000000084400000| Untracked 
|  31|0x0000000084500000, 0x0000000084500000, 0x0000000084600000|  0%| F|  |TAMS 0x0000000084500000, 0x0000000084500000| Untracked 
|  32|0x0000000084600000, 0x0000000084600000, 0x0000000084700000|  0%| F|  |TAMS 0x0000000084600000, 0x0000000084600000| Untracked 
|  33|0x0000000084700000, 0x0000000084700000, 0x0000000084800000|  0%| F|  |TAMS 0x0000000084700000, 0x0000000084700000| Untracked 
|  34|0x0000000084800000, 0x0000000084800000, 0x0000000084900000|  0%| F|  |TAMS 0x0000000084800000, 0x0000000084800000| Untracked 
|  35|0x0000000084900000, 0x0000000084900000, 0x0000000084a00000|  0%| F|  |TAMS 0x0000000084900000, 0x0000000084900000| Untracked 
|  36|0x0000000084a00000, 0x0000000084a00000, 0x0000000084b00000|  0%| F|  |TAMS 0x0000000084a00000, 0x0000000084a00000| Untracked 
|  37|0x0000000084b00000, 0x0000000084b00000, 0x0000000084c00000|  0%| F|  |TAMS 0x0000000084b00000, 0x0000000084b00000| Untracked 
|  38|0x0000000084c00000, 0x0000000084c00000, 0x0000000084d00000|  0%| F|  |TAMS 0x0000000084c00000, 0x0000000084c00000| Untracked 
|  39|0x0000000084d00000, 0x0000000084d00000, 0x0000000084e00000|  0%| F|  |TAMS 0x0000000084d00000, 0x0000000084d00000| Untracked 
|  40|0x0000000084e00000, 0x0000000084e00000, 0x0000000084f00000|  0%| F|  |TAMS 0x0000000084e00000, 0x0000000084e00000| Untracked 
|  41|0x0000000084f00000, 0x0000000084f00000, 0x0000000085000000|  0%| F|  |TAMS 0x0000000084f00000, 0x0000000084f00000| Untracked 
|  42|0x0000000085000000, 0x0000000085000000, 0x0000000085100000|  0%| F|  |TAMS 0x0000000085000000, 0x0000000085000000| Untracked 
|  43|0x0000000085100000, 0x0000000085100000, 0x0000000085200000|  0%| F|  |TAMS 0x0000000085100000, 0x0000000085100000| Untracked 
|  44|0x0000000085200000, 0x0000000085200000, 0x0000000085300000|  0%| F|  |TAMS 0x0000000085200000, 0x0000000085200000| Untracked 
|  45|0x0000000085300000, 0x0000000085300000, 0x0000000085400000|  0%| F|  |TAMS 0x0000000085300000, 0x0000000085300000| Untracked 
|  46|0x0000000085400000, 0x0000000085400000, 0x0000000085500000|  0%| F|  |TAMS 0x0000000085400000, 0x0000000085400000| Untracked 
|  47|0x0000000085500000, 0x0000000085500000, 0x0000000085600000|  0%| F|  |TAMS 0x0000000085500000, 0x0000000085500000| Untracked 
|  48|0x0000000085600000, 0x0000000085600000, 0x0000000085700000|  0%| F|  |TAMS 0x0000000085600000, 0x0000000085600000| Untracked 
|  49|0x0000000085700000, 0x0000000085700000, 0x0000000085800000|  0%| F|  |TAMS 0x0000000085700000, 0x0000000085700000| Untracked 
|  50|0x0000000085800000, 0x0000000085800000, 0x0000000085900000|  0%| F|  |TAMS 0x0000000085800000, 0x0000000085800000| Untracked 
|  51|0x0000000085900000, 0x0000000085900000, 0x0000000085a00000|  0%| F|  |TAMS 0x0000000085900000, 0x0000000085900000| Untracked 
|  52|0x0000000085a00000, 0x0000000085a00000, 0x0000000085b00000|  0%| F|  |TAMS 0x0000000085a00000, 0x0000000085a00000| Untracked 
|  53|0x0000000085b00000, 0x0000000085b00000, 0x0000000085c00000|  0%| F|  |TAMS 0x0000000085b00000, 0x0000000085b00000| Untracked 
|  54|0x0000000085c00000, 0x0000000085c00000, 0x0000000085d00000|  0%| F|  |TAMS 0x0000000085c00000, 0x0000000085c00000| Untracked 
|  55|0x0000000085d00000, 0x0000000085d00000, 0x0000000085e00000|  0%| F|  |TAMS 0x0000000085d00000, 0x0000000085d00000| Untracked 
|  56|0x0000000085e00000, 0x0000000085e00000, 0x0000000085f00000|  0%| F|  |TAMS 0x0000000085e00000, 0x0000000085e00000| Untracked 
|  57|0x0000000085f00000, 0x0000000085f00000, 0x0000000086000000|  0%| F|  |TAMS 0x0000000085f00000, 0x0000000085f00000| Untracked 
|  58|0x0000000086000000, 0x0000000086000000, 0x0000000086100000|  0%| F|  |TAMS 0x0000000086000000, 0x0000000086000000| Untracked 
|  59|0x0000000086100000, 0x0000000086100000, 0x0000000086200000|  0%| F|  |TAMS 0x0000000086100000, 0x0000000086100000| Untracked 
|  60|0x0000000086200000, 0x0000000086200000, 0x0000000086300000|  0%| F|  |TAMS 0x0000000086200000, 0x0000000086200000| Untracked 
|  61|0x0000000086300000, 0x0000000086300000, 0x0000000086400000|  0%| F|  |TAMS 0x0000000086300000, 0x0000000086300000| Untracked 
|  62|0x0000000086400000, 0x0000000086400000, 0x0000000086500000|  0%| F|  |TAMS 0x0000000086400000, 0x0000000086400000| Untracked 
|  63|0x0000000086500000, 0x0000000086500000, 0x0000000086600000|  0%| F|  |TAMS 0x0000000086500000, 0x0000000086500000| Untracked 
|  64|0x0000000086600000, 0x0000000086600000, 0x0000000086700000|  0%| F|  |TAMS 0x0000000086600000, 0x0000000086600000| Untracked 
|  65|0x0000000086700000, 0x0000000086700000, 0x0000000086800000|  0%| F|  |TAMS 0x0000000086700000, 0x0000000086700000| Untracked 
|  66|0x0000000086800000, 0x0000000086800000, 0x0000000086900000|  0%| F|  |TAMS 0x0000000086800000, 0x0000000086800000| Untracked 
|  67|0x0000000086900000, 0x0000000086900000, 0x0000000086a00000|  0%| F|  |TAMS 0x0000000086900000, 0x0000000086900000| Untracked 
|  68|0x0000000086a00000, 0x0000000086a00000, 0x0000000086b00000|  0%| F|  |TAMS 0x0000000086a00000, 0x0000000086a00000| Untracked 
|  69|0x0000000086b00000, 0x0000000086b00000, 0x0000000086c00000|  0%| F|  |TAMS 0x0000000086b00000, 0x0000000086b00000| Untracked 
|  70|0x0000000086c00000, 0x0000000086c00000, 0x0000000086d00000|  0%| F|  |TAMS 0x0000000086c00000, 0x0000000086c00000| Untracked 
|  71|0x0000000086d00000, 0x0000000086d00000, 0x0000000086e00000|  0%| F|  |TAMS 0x0000000086d00000, 0x0000000086d00000| Untracked 
|  72|0x0000000086e00000, 0x0000000086e00000, 0x0000000086f00000|  0%| F|  |TAMS 0x0000000086e00000, 0x0000000086e00000| Untracked 
|  73|0x0000000086f00000, 0x0000000086f00000, 0x0000000087000000|  0%| F|  |TAMS 0x0000000086f00000, 0x0000000086f00000| Untracked 
|  74|0x0000000087000000, 0x0000000087000000, 0x0000000087100000|  0%| F|  |TAMS 0x0000000087000000, 0x0000000087000000| Untracked 
|  75|0x0000000087100000, 0x0000000087100000, 0x0000000087200000|  0%| F|  |TAMS 0x0000000087100000, 0x0000000087100000| Untracked 
|  76|0x0000000087200000, 0x0000000087200000, 0x0000000087300000|  0%| F|  |TAMS 0x0000000087200000, 0x0000000087200000| Untracked 
|  77|0x0000000087300000, 0x0000000087300000, 0x0000000087400000|  0%| F|  |TAMS 0x0000000087300000, 0x0000000087300000| Untracked 
|  78|0x0000000087400000, 0x0000000087400000, 0x0000000087500000|  0%| F|  |TAMS 0x0000000087400000, 0x0000000087400000| Untracked 
|  79|0x0000000087500000, 0x0000000087500000, 0x0000000087600000|  0%| F|  |TAMS 0x0000000087500000, 0x0000000087500000| Untracked 
|  80|0x0000000087600000, 0x0000000087600000, 0x0000000087700000|  0%| F|  |TAMS 0x0000000087600000, 0x0000000087600000| Untracked 
|  81|0x0000000087700000, 0x0000000087700000, 0x0000000087800000|  0%| F|  |TAMS 0x0000000087700000, 0x0000000087700000| Untracked 
|  82|0x0000000087800000, 0x0000000087800000, 0x0000000087900000|  0%| F|  |TAMS 0x0000000087800000, 0x0000000087800000| Untracked 
|  83|0x0000000087900000, 0x0000000087900000, 0x0000000087a00000|  0%| F|  |TAMS 0x0000000087900000, 0x0000000087900000| Untracked 
|  84|0x0000000087a00000, 0x0000000087abde28, 0x0000000087b00000| 74%| S|CS|TAMS 0x0000000087a00000, 0x0000000087a00000| Complete 
|  85|0x0000000087b00000, 0x0000000087c00000, 0x0000000087c00000|100%| S|CS|TAMS 0x0000000087b00000, 0x0000000087b00000| Complete 
|  86|0x0000000087c00000, 0x0000000087d00000, 0x0000000087d00000|100%| S|CS|TAMS 0x0000000087c00000, 0x0000000087c00000| Complete 
|  87|0x0000000087d00000, 0x0000000087e00000, 0x0000000087e00000|100%| S|CS|TAMS 0x0000000087d00000, 0x0000000087d00000| Complete 
|  88|0x0000000087e00000, 0x0000000087f00000, 0x0000000087f00000|100%| S|CS|TAMS 0x0000000087e00000, 0x0000000087e00000| Complete 
|  89|0x0000000087f00000, 0x0000000087f00000, 0x0000000088000000|  0%| F|  |TAMS 0x0000000087f00000, 0x0000000087f00000| Untracked 
|  90|0x0000000088000000, 0x0000000088000000, 0x0000000088100000|  0%| F|  |TAMS 0x0000000088000000, 0x0000000088000000| Untracked 
|  91|0x0000000088100000, 0x0000000088100000, 0x0000000088200000|  0%| F|  |TAMS 0x0000000088100000, 0x0000000088100000| Untracked 
|  92|0x0000000088200000, 0x0000000088200000, 0x0000000088300000|  0%| F|  |TAMS 0x0000000088200000, 0x0000000088200000| Untracked 
|  93|0x0000000088300000, 0x0000000088300000, 0x0000000088400000|  0%| F|  |TAMS 0x0000000088300000, 0x0000000088300000| Untracked 
|  94|0x0000000088400000, 0x0000000088400000, 0x0000000088500000|  0%| F|  |TAMS 0x0000000088400000, 0x0000000088400000| Untracked 
|  95|0x0000000088500000, 0x0000000088500000, 0x0000000088600000|  0%| F|  |TAMS 0x0000000088500000, 0x0000000088500000| Untracked 
|  96|0x0000000088600000, 0x0000000088600000, 0x0000000088700000|  0%| F|  |TAMS 0x0000000088600000, 0x0000000088600000| Untracked 
|  97|0x0000000088700000, 0x0000000088700000, 0x0000000088800000|  0%| F|  |TAMS 0x0000000088700000, 0x0000000088700000| Untracked 
|  98|0x0000000088800000, 0x0000000088800000, 0x0000000088900000|  0%| F|  |TAMS 0x0000000088800000, 0x0000000088800000| Untracked 
|  99|0x0000000088900000, 0x0000000088900000, 0x0000000088a00000|  0%| F|  |TAMS 0x0000000088900000, 0x0000000088900000| Untracked 
| 100|0x0000000088a00000, 0x0000000088a00000, 0x0000000088b00000|  0%| F|  |TAMS 0x0000000088a00000, 0x0000000088a00000| Untracked 
| 101|0x0000000088b00000, 0x0000000088b00000, 0x0000000088c00000|  0%| F|  |TAMS 0x0000000088b00000, 0x0000000088b00000| Untracked 
| 102|0x0000000088c00000, 0x0000000088c00000, 0x0000000088d00000|  0%| F|  |TAMS 0x0000000088c00000, 0x0000000088c00000| Untracked 
| 103|0x0000000088d00000, 0x0000000088d00000, 0x0000000088e00000|  0%| F|  |TAMS 0x0000000088d00000, 0x0000000088d00000| Untracked 
| 104|0x0000000088e00000, 0x0000000088e00000, 0x0000000088f00000|  0%| F|  |TAMS 0x0000000088e00000, 0x0000000088e00000| Untracked 
| 105|0x0000000088f00000, 0x0000000088f00000, 0x0000000089000000|  0%| F|  |TAMS 0x0000000088f00000, 0x0000000088f00000| Untracked 
| 106|0x0000000089000000, 0x0000000089000000, 0x0000000089100000|  0%| F|  |TAMS 0x0000000089000000, 0x0000000089000000| Untracked 
| 107|0x0000000089100000, 0x0000000089100000, 0x0000000089200000|  0%| F|  |TAMS 0x0000000089100000, 0x0000000089100000| Untracked 
| 108|0x0000000089200000, 0x0000000089200000, 0x0000000089300000|  0%| F|  |TAMS 0x0000000089200000, 0x0000000089200000| Untracked 
| 109|0x0000000089300000, 0x0000000089300000, 0x0000000089400000|  0%| F|  |TAMS 0x0000000089300000, 0x0000000089300000| Untracked 
| 110|0x0000000089400000, 0x0000000089490dc0, 0x0000000089500000| 56%| E|  |TAMS 0x0000000089400000, 0x0000000089400000| Complete 
| 111|0x0000000089500000, 0x0000000089600000, 0x0000000089600000|100%| E|CS|TAMS 0x0000000089500000, 0x0000000089500000| Complete 
| 112|0x0000000089600000, 0x0000000089700000, 0x0000000089700000|100%| E|CS|TAMS 0x0000000089600000, 0x0000000089600000| Complete 
| 113|0x0000000089700000, 0x0000000089800000, 0x0000000089800000|100%| E|CS|TAMS 0x0000000089700000, 0x0000000089700000| Complete 
| 114|0x0000000089800000, 0x0000000089900000, 0x0000000089900000|100%| E|CS|TAMS 0x0000000089800000, 0x0000000089800000| Complete 
| 115|0x0000000089900000, 0x0000000089a00000, 0x0000000089a00000|100%| E|  |TAMS 0x0000000089900000, 0x0000000089900000| Complete 
| 116|0x0000000089a00000, 0x0000000089b00000, 0x0000000089b00000|100%| E|CS|TAMS 0x0000000089a00000, 0x0000000089a00000| Complete 
| 117|0x0000000089b00000, 0x0000000089c00000, 0x0000000089c00000|100%| E|CS|TAMS 0x0000000089b00000, 0x0000000089b00000| Complete 
| 118|0x0000000089c00000, 0x0000000089d00000, 0x0000000089d00000|100%| E|CS|TAMS 0x0000000089c00000, 0x0000000089c00000| Complete 
| 119|0x0000000089d00000, 0x0000000089e00000, 0x0000000089e00000|100%| E|CS|TAMS 0x0000000089d00000, 0x0000000089d00000| Complete 
| 120|0x0000000089e00000, 0x0000000089f00000, 0x0000000089f00000|100%| E|CS|TAMS 0x0000000089e00000, 0x0000000089e00000| Complete 
| 121|0x0000000089f00000, 0x000000008a000000, 0x000000008a000000|100%| E|CS|TAMS 0x0000000089f00000, 0x0000000089f00000| Complete 
| 122|0x000000008a000000, 0x000000008a100000, 0x000000008a100000|100%| E|CS|TAMS 0x000000008a000000, 0x000000008a000000| Complete 
| 123|0x000000008a100000, 0x000000008a200000, 0x000000008a200000|100%| E|CS|TAMS 0x000000008a100000, 0x000000008a100000| Complete 
| 124|0x000000008a200000, 0x000000008a300000, 0x000000008a300000|100%| E|CS|TAMS 0x000000008a200000, 0x000000008a200000| Complete 
| 125|0x000000008a300000, 0x000000008a400000, 0x000000008a400000|100%| E|CS|TAMS 0x000000008a300000, 0x000000008a300000| Complete 

Card table byte_map: [0x00000200976d0000,0x0000020097ac0000] _byte_map_base: 0x00000200972bd000

Marking Bits (Prev, Next): (CMBitMap*) 0x00000200fe1136e0, (CMBitMap*) 0x00000200fe113720
 Prev Bits: [0x0000020097eb0000, 0x0000020099e18000)
 Next Bits: [0x0000020099e20000, 0x000002009bd88000)

Polling page: 0x00000200fe180000

Metaspace:

Usage:
  Non-class:     17.24 MB used.
      Class:      2.76 MB used.
       Both:     20.00 MB used.

Virtual space:
  Non-class space:       64.00 MB reserved,      17.44 MB ( 27%) committed,  1 nodes.
      Class space:        1.00 GB reserved,       2.94 MB ( <1%) committed,  1 nodes.
             Both:        1.06 GB reserved,      20.38 MB (  2%) committed. 

Chunk freelists:
   Non-Class:  2.48 MB
       Class:  971.00 KB
        Both:  3.43 MB

MaxMetaspaceSize: unlimited
CompressedClassSpaceSize: 1.00 GB
Initial GC threshold: 21.00 MB
Current GC threshold: 21.00 MB
CDS: on
MetaspaceReclaimPolicy: balanced
 - commit_granule_bytes: 65536.
 - commit_granule_words: 8192.
 - virtual_space_node_default_size: 8388608.
 - enlarge_chunks_in_place: 1.
 - new_chunks_are_fully_committed: 0.
 - uncommit_free_chunks: 1.
 - use_allocation_guard: 0.


Internal statistics:

num_allocs_failed_limit: 0.
num_arena_births: 364.
num_arena_deaths: 0.
num_vsnodes_births: 2.
num_vsnodes_deaths: 0.
num_space_committed: 325.
num_space_uncommitted: 0.
num_chunks_returned_to_freelist: 0.
num_chunks_taken_from_freelist: 958.
num_chunk_merges: 0.
num_chunk_splits: 682.
num_chunks_enlarged: 550.
num_inconsistent_stats: 0.

CodeHeap 'non-profiled nmethods': size=120000Kb used=1012Kb max_used=1012Kb free=118987Kb
 bounds [0x000002008f970000, 0x000002008fbe0000, 0x0000020096ea0000]
CodeHeap 'profiled nmethods': size=120000Kb used=4552Kb max_used=4552Kb free=115447Kb
 bounds [0x0000020087ea0000, 0x0000020088320000, 0x000002008f3d0000]
CodeHeap 'non-nmethods': size=5760Kb used=1531Kb max_used=1567Kb free=4228Kb
 bounds [0x000002008f3d0000, 0x000002008f640000, 0x000002008f970000]
 total_blobs=3396 nmethods=2578 adapters=728
 compilation: enabled
              stopped_count=0, restarted_count=0
 full_count=0

Compilation events (20 events):
Event: 7.676 Thread 0x000002009e866a20 2570       3       jdk.internal.reflect.ReflectionFactory::copyField (11 bytes)
Event: 7.676 Thread 0x000002009e866a20 nmethod 2570 0x000002008830f690 code [0x000002008830f840, 0x000002008830fa28]
Event: 7.676 Thread 0x000002009e866a20 2572       3       java.util.WeakHashMap::matchesKey (33 bytes)
Event: 7.676 Thread 0x000002009e866a20 nmethod 2572 0x000002008830fb90 code [0x000002008830fd60, 0x0000020088310298]
Event: 7.676 Thread 0x000002009e866a20 2571       3       java.lang.reflect.ReflectAccess::copyField (5 bytes)
Event: 7.676 Thread 0x000002009e866a20 nmethod 2571 0x0000020088310410 code [0x00000200883105c0, 0x0000020088310708]
Event: 7.677 Thread 0x000002009e866a20 2573       3       java.lang.invoke.MemberName$Factory::resolveOrNull (54 bytes)
Event: 7.677 Thread 0x000002009e866a20 nmethod 2573 0x0000020088310810 code [0x00000200883109e0, 0x0000020088310c88]
Event: 7.677 Thread 0x000002009e866a20 2574       1       java.lang.reflect.Field::getDeclaringClass (5 bytes)
Event: 7.677 Thread 0x000002009e866a20 nmethod 2574 0x000002008fa68010 code [0x000002008fa681a0, 0x000002008fa68258]
Event: 7.679 Thread 0x000002009e85e370 nmethod 2543 0x000002008fa68310 code [0x000002008fa68540, 0x000002008fa695d0]
Event: 7.679 Thread 0x000002009e85e370 2552       4       java.util.stream.ReferencePipeline$2$1::accept (27 bytes)
Event: 7.679 Thread 0x000002009e85e370 nmethod 2552 0x000002008fa6a190 code [0x000002008fa6a320, 0x000002008fa6a3f8]
Event: 7.679 Thread 0x000002009e85e370 2545       4       java.lang.ref.Cleaner$1::apply (9 bytes)
Event: 7.679 Thread 0x000002009e85e370 nmethod 2545 0x000002008fa6a510 code [0x000002008fa6a6a0, 0x000002008fa6a758]
Event: 7.679 Thread 0x000002009e85e370 2550   !   4       java.util.concurrent.ConcurrentHashMap::transfer (849 bytes)
Event: 7.684 Thread 0x000002009e866a20 2576   !   3       java.lang.String::lookupCharset (20 bytes)
Event: 7.685 Thread 0x000002009e866a20 nmethod 2576 0x0000020088310d90 code [0x0000020088310fa0, 0x00000200883114f8]
Event: 7.686 Thread 0x000002009e866a20 2578       3       java.lang.AbstractStringBuilder::append (45 bytes)
Event: 7.686 Thread 0x000002009e866a20 nmethod 2578 0x0000020088311790 code [0x00000200883119a0, 0x0000020088311eb8]

GC Heap History (4 events):
Event: 0.576 GC heap before
{Heap before GC invocations=0 (full 0):
 garbage-first heap   total 129024K, used 22528K [0x0000000082600000, 0x0000000100000000)
  region size 1024K, 23 young (23552K), 0 survivors (0K)
 Metaspace       used 5123K, committed 5376K, reserved 1114112K
  class space    used 583K, committed 704K, reserved 1048576K
}
Event: 0.579 GC heap after
{Heap after GC invocations=1 (full 0):
 garbage-first heap   total 129024K, used 3452K [0x0000000082600000, 0x0000000100000000)
  region size 1024K, 3 young (3072K), 3 survivors (3072K)
 Metaspace       used 5123K, committed 5376K, reserved 1114112K
  class space    used 583K, committed 704K, reserved 1048576K
}
Event: 1.096 GC heap before
{Heap before GC invocations=1 (full 0):
 garbage-first heap   total 129024K, used 39292K [0x0000000082600000, 0x0000000100000000)
  region size 1024K, 37 young (37888K), 3 survivors (3072K)
 Metaspace       used 14691K, committed 15040K, reserved 1114112K
  class space    used 2177K, committed 2368K, reserved 1048576K
}
Event: 1.104 GC heap after
{Heap after GC invocations=2 (full 0):
 garbage-first heap   total 129024K, used 10203K [0x0000000082600000, 0x0000000100000000)
  region size 1024K, 5 young (5120K), 5 survivors (5120K)
 Metaspace       used 14691K, committed 15040K, reserved 1114112K
  class space    used 2177K, committed 2368K, reserved 1048576K
}

Dll operation events (20 events):
Event: 0.318 Loaded shared library C:\Users\Ilya\.openjfx\cache\19+11\amd64\api-ms-win-crt-process-l1-1-0.dll
Event: 0.320 Loaded shared library C:\Users\Ilya\.openjfx\cache\19+11\amd64\api-ms-win-crt-runtime-l1-1-0.dll
Event: 0.322 Loaded shared library C:\Users\Ilya\.openjfx\cache\19+11\amd64\api-ms-win-crt-stdio-l1-1-0.dll
Event: 0.323 Loaded shared library C:\Users\Ilya\.openjfx\cache\19+11\amd64\api-ms-win-crt-string-l1-1-0.dll
Event: 0.325 Loaded shared library C:\Users\Ilya\.openjfx\cache\19+11\amd64\api-ms-win-crt-time-l1-1-0.dll
Event: 0.326 Loaded shared library C:\Users\Ilya\.openjfx\cache\19+11\amd64\api-ms-win-crt-utility-l1-1-0.dll
Event: 0.338 Loaded shared library C:\Users\Ilya\.openjfx\cache\19+11\amd64\ucrtbase.dll
Event: 0.340 Loaded shared library C:\Users\Ilya\.openjfx\cache\19+11\amd64\vcruntime140.dll
Event: 0.342 Loaded shared library C:\Users\Ilya\.openjfx\cache\19+11\amd64\vcruntime140_1.dll
Event: 0.348 Loaded shared library C:\Users\Ilya\.openjfx\cache\19+11\amd64\msvcp140.dll
Event: 0.349 Loaded shared library C:\Users\Ilya\.openjfx\cache\19+11\amd64\msvcp140_1.dll
Event: 0.353 Loaded shared library C:\Users\Ilya\.openjfx\cache\19+11\amd64\msvcp140_2.dll
Event: 0.381 Loaded shared library C:\Users\Ilya\.openjfx\cache\19+11\amd64\prism_d3d.dll
Event: 0.450 Loaded shared library C:\Users\Ilya\.openjfx\cache\19+11\amd64\glass.dll
Event: 0.581 Loaded shared library C:\Program Files\Java\jdk-19\bin\jimage.dll
Event: 0.690 Loaded shared library C:\Users\Ilya\.openjfx\cache\19+11\amd64\javafx_font.dll
Event: 6.663 Loaded shared library C:\Program Files\Java\jdk-19\bin\management.dll
Event: 6.665 Loaded shared library C:\Program Files\Java\jdk-19\bin\management_ext.dll
Event: 6.685 Loaded shared library C:\Program Files\Java\jdk-19\bin\sunmscapi.dll
Event: 7.657 Loaded shared library C:\Temp\jna-2282379\jna12048236556754422309.dll

Deoptimization events (20 events):
Event: 6.699 Thread 0x00000200a7f443a0 DEOPT PACKING pc=0x000002008f9b1048 sp=0x0000009d847fd090
Event: 6.699 Thread 0x00000200a7f443a0 DEOPT UNPACKING pc=0x000002008f436da3 sp=0x0000009d847fcf28 mode 2
Event: 6.713 Thread 0x00000200a7f443a0 DEOPT PACKING pc=0x0000020088149757 sp=0x0000009d847fd300
Event: 6.713 Thread 0x00000200a7f443a0 DEOPT UNPACKING pc=0x000002008f437543 sp=0x0000009d847fc780 mode 0
Event: 6.752 Thread 0x00000200a356c790 DEOPT PACKING pc=0x00000200882746bc sp=0x0000009d836fee60
Event: 6.752 Thread 0x00000200a356c790 DEOPT UNPACKING pc=0x000002008f437543 sp=0x0000009d836fe238 mode 0
Event: 7.632 Thread 0x00000200a338f2d0 DEOPT PACKING pc=0x00000200882746bc sp=0x0000009d834ff060
Event: 7.632 Thread 0x00000200a338f2d0 DEOPT UNPACKING pc=0x000002008f437543 sp=0x0000009d834fe438 mode 0
Event: 7.669 Thread 0x00000200a7f468d0 Uncommon trap: trap_request=0xffffff45 fr.pc=0x000002008f9c019c relative=0x000000000000055c
Event: 7.669 Thread 0x00000200a7f468d0 Uncommon trap: reason=unstable_if action=reinterpret pc=0x000002008f9c019c method=java.lang.AbstractStringBuilder.append(Ljava/lang/String;)Ljava/lang/AbstractStringBuilder; @ 1 c2
Event: 7.669 Thread 0x00000200a7f468d0 DEOPT PACKING pc=0x000002008f9c019c sp=0x0000009d848fe490
Event: 7.669 Thread 0x00000200a7f468d0 DEOPT UNPACKING pc=0x000002008f436da3 sp=0x0000009d848fe410 mode 2
Event: 7.672 Thread 0x00000200a7f468d0 Uncommon trap: trap_request=0xffffff45 fr.pc=0x000002008fa1055c relative=0x000000000000027c
Event: 7.672 Thread 0x00000200a7f468d0 Uncommon trap: reason=unstable_if action=reinterpret pc=0x000002008fa1055c method=jdk.internal.org.objectweb.asm.Frame.execute(IILjdk/internal/org/objectweb/asm/Symbol;Ljdk/internal/org/objectweb/asm/SymbolTable;)V @ 2247 c2
Event: 7.672 Thread 0x00000200a7f468d0 DEOPT PACKING pc=0x000002008fa1055c sp=0x0000009d848fc360
Event: 7.672 Thread 0x00000200a7f468d0 DEOPT UNPACKING pc=0x000002008f436da3 sp=0x0000009d848fc2c0 mode 2
Event: 7.685 Thread 0x00000200a7f468d0 Uncommon trap: trap_request=0xffffff45 fr.pc=0x000002008f9c6b14 relative=0x0000000000000554
Event: 7.685 Thread 0x00000200a7f468d0 Uncommon trap: reason=unstable_if action=reinterpret pc=0x000002008f9c6b14 method=java.lang.AbstractStringBuilder.append(Ljava/lang/String;)Ljava/lang/AbstractStringBuilder; @ 1 c2
Event: 7.685 Thread 0x00000200a7f468d0 DEOPT PACKING pc=0x000002008f9c6b14 sp=0x0000009d848fe3b0
Event: 7.685 Thread 0x00000200a7f468d0 DEOPT UNPACKING pc=0x000002008f436da3 sp=0x0000009d848fe388 mode 2

Classes loaded (20 events):
Event: 6.797 Loading class java/lang/Deprecated
Event: 6.797 Loading class java/lang/Deprecated done
Event: 6.800 Loading class java/nio/channels/UnsupportedAddressTypeException
Event: 6.800 Loading class java/nio/channels/UnsupportedAddressTypeException done
Event: 6.804 Loading class java/nio/channels/spi/AbstractSelector$1
Event: 6.804 Loading class java/nio/channels/spi/AbstractSelector$1 done
Event: 7.628 Loading class java/io/File$TempDirectory
Event: 7.628 Loading class java/io/File$TempDirectory done
Event: 7.628 Loading class java/io/DeleteOnExitHook
Event: 7.628 Loading class java/io/DeleteOnExitHook done
Event: 7.628 Loading class java/io/DeleteOnExitHook$1
Event: 7.628 Loading class java/io/DeleteOnExitHook$1 done
Event: 7.658 Loading class java/io/StringWriter
Event: 7.658 Loading class java/io/StringWriter done
Event: 7.669 Loading class java/io/PrintWriter
Event: 7.669 Loading class java/io/PrintWriter done
Event: 7.674 Loading class jdk/internal/reflect/MethodHandleShortFieldAccessorImpl
Event: 7.674 Loading class jdk/internal/reflect/MethodHandleShortFieldAccessorImpl done
Event: 7.675 Loading class java/lang/Short$ShortCache
Event: 7.675 Loading class java/lang/Short$ShortCache done

Classes unloaded (0 events):
No events

Classes redefined (0 events):
No events

Internal exceptions (20 events):
Event: 6.627 Thread 0x00000200a7f443a0 Exception <a 'java/lang/NoClassDefFoundError'{0x000000008a091578}> (0x000000008a091578) 
thrown [s\open\src\hotspot\share\oops\instanceKlass.cpp, line 1168]
Event: 6.628 Thread 0x00000200a7f443a0 Exception <a 'java/lang/NoClassDefFoundError'{0x000000008a097eb8}: org/apache/logging/log4j/spi/ExtendedLoggerWrapper> (0x000000008a097eb8) 
thrown [s\open\src\hotspot\share\classfile\systemDictionary.cpp, line 244]
Event: 6.629 Thread 0x00000200a7f443a0 Exception <a 'java/lang/NoClassDefFoundError'{0x000000008a09eb68}: org/apache/log4j/Priority> (0x000000008a09eb68) 
thrown [s\open\src\hotspot\share\classfile\systemDictionary.cpp, line 244]
Event: 6.632 Thread 0x00000200a7f443a0 Exception <a 'sun/nio/fs/WindowsException'{0x000000008a0b84a8}> (0x000000008a0b84a8) 
thrown [s\open\src\hotspot\share\prims\jni.cpp, line 517]
Event: 6.678 Thread 0x00000200a7f443a0 Exception <a 'java/lang/NoSuchMethodError'{0x0000000089d1f150}: 'java.lang.Object java.lang.invoke.DirectMethodHandle$Holder.invokeStaticInit(java.lang.Object, int, int, int, int)'> (0x0000000089d1f150) 
thrown [s\open\src\hotspot\share\interpreter\linkResolver.cpp, line 774]
Event: 6.713 Thread 0x00000200a7f443a0 Exception <a 'java/lang/NoSuchMethodError'{0x0000000089c1a4c8}: 'java.lang.Object java.lang.invoke.DirectMethodHandle$Holder.invokeStaticInit(java.lang.Object, java.lang.Object, int, int, int, int)'> (0x0000000089c1a4c8) 
thrown [s\open\src\hotspot\share\interpreter\linkResolver.cpp, line 774]
Event: 6.741 Thread 0x00000200a7f443a0 Exception <a 'java/lang/NoSuchMethodError'{0x0000000089b8c918}: 'java.lang.Object java.lang.invoke.DirectMethodHandle$Holder.invokeStatic(java.lang.Object, long, java.lang.Object)'> (0x0000000089b8c918) 
thrown [s\open\src\hotspot\share\interpreter\linkResolver.cpp, line 774]
Event: 6.741 Thread 0x00000200a7f443a0 Exception <a 'java/lang/NoSuchMethodError'{0x0000000089b90218}: 'java.lang.Object java.lang.invoke.DirectMethodHandle$Holder.invokeStaticInit(java.lang.Object, long, java.lang.Object)'> (0x0000000089b90218) 
thrown [s\open\src\hotspot\share\interpreter\linkResolver.cpp, line 774]
Event: 6.741 Thread 0x00000200a7f443a0 Exception <a 'java/lang/NoSuchMethodError'{0x0000000089b96118}: 'java.lang.Object java.lang.invoke.DirectMethodHandle$Holder.newInvokeSpecial(java.lang.Object, long)'> (0x0000000089b96118) 
thrown [s\open\src\hotspot\share\interpreter\linkResolver.cpp, line 774]
Event: 6.742 Thread 0x00000200a7f443a0 Exception <a 'java/lang/NoSuchMethodError'{0x0000000089b9a880}: 'long java.lang.invoke.DirectMethodHandle$Holder.invokeInterface(java.lang.Object, java.lang.Object)'> (0x0000000089b9a880) 
thrown [s\open\src\hotspot\share\interpreter\linkResolver.cpp, line 774]
Event: 6.742 Thread 0x00000200a7f443a0 Exception <a 'java/lang/NoSuchMethodError'{0x0000000089b9e498}: 'long java.lang.invoke.DelegatingMethodHandle$Holder.reinvoke_L(java.lang.Object, java.lang.Object)'> (0x0000000089b9e498) 
thrown [s\open\src\hotspot\share\interpreter\linkResolver.cpp, line 774]
Event: 7.627 Thread 0x00000200a7f468d0 Exception <a 'sun/nio/fs/WindowsException'{0x0000000089647598}> (0x0000000089647598) 
thrown [s\open\src\hotspot\share\prims\jni.cpp, line 517]
Event: 7.664 Thread 0x00000200a7f468d0 Exception <a 'java/lang/NoSuchMethodError'{0x00000000896ddf70}: 'int java.lang.invoke.DirectMethodHandle$Holder.invokeStatic(java.lang.Object, java.lang.Object, java.lang.Object, java.lang.Object)'> (0x00000000896ddf70) 
thrown [s\open\src\hotspot\share\interpreter\linkResolver.cpp, line 774]
Event: 7.664 Thread 0x00000200a7f468d0 Exception <a 'java/lang/NoSuchMethodError'{0x00000000896e14d0}: 'int java.lang.invoke.DirectMethodHandle$Holder.invokeStaticInit(java.lang.Object, java.lang.Object, java.lang.Object, java.lang.Object)'> (0x00000000896e14d0) 
thrown [s\open\src\hotspot\share\interpreter\linkResolver.cpp, line 774]
Event: 7.664 Thread 0x00000200a7f468d0 Exception <a 'java/lang/IncompatibleClassChangeError'{0x00000000896ea150}: Found class java.lang.Object, but interface was expected> (0x00000000896ea150) 
thrown [s\open\src\hotspot\share\interpreter\linkResolver.cpp, line 841]
Event: 7.669 Thread 0x00000200a7f468d0 Implicit null exception at 0x000002008f9bfc72 to 0x000002008f9c0184
Event: 7.674 Thread 0x00000200a7f468d0 Exception <a 'java/lang/NoSuchMethodError'{0x000000008957d350}: 'int java.lang.invoke.Invokers$Holder.invokeExact_MT(java.lang.Object, java.lang.Object, java.lang.Object)'> (0x000000008957d350) 
thrown [s\open\src\hotspot\share\interpreter\linkResolver.cpp, line 774]
Event: 7.677 Thread 0x00000200a7f468d0 Exception <a 'java/lang/NoSuchMethodError'{0x00000000895a4818}: 'void java.lang.invoke.Invokers$Holder.invokeExact_MT(java.lang.Object, java.lang.Object, int, java.lang.Object)'> (0x00000000895a4818) 
thrown [s\open\src\hotspot\share\interpreter\linkResolver.cpp, line 774]
Event: 7.685 Thread 0x00000200a7f468d0 Implicit null exception at 0x000002008f9c65f2 to 0x000002008f9c6afc
Event: 7.686 Thread 0x00000200a7f468d0 Exception <a 'java/lang/IllegalArgumentException'{0x00000000894669d8}: Invalid calling convention 63> (0x00000000894669d8) 
thrown [s\open\src\hotspot\share\prims\jni.cpp, line 536]

VM Operations (20 events):
Event: 1.031 Executing VM operation: HandshakeAllThreads
Event: 1.031 Executing VM operation: HandshakeAllThreads done
Event: 1.096 Executing VM operation: G1CollectForAllocation
Event: 1.104 Executing VM operation: G1CollectForAllocation done
Event: 2.104 Executing VM operation: Cleanup
Event: 2.104 Executing VM operation: Cleanup done
Event: 3.105 Executing VM operation: Cleanup
Event: 3.105 Executing VM operation: Cleanup done
Event: 5.105 Executing VM operation: Cleanup
Event: 5.105 Executing VM operation: Cleanup done
Event: 6.698 Executing VM operation: HandshakeAllThreads
Event: 6.698 Executing VM operation: HandshakeAllThreads done
Event: 6.698 Executing VM operation: Cleanup
Event: 6.699 Executing VM operation: Cleanup done
Event: 6.742 Executing VM operation: HandshakeAllThreads
Event: 6.742 Executing VM operation: HandshakeAllThreads done
Event: 6.744 Executing VM operation: HandshakeAllThreads
Event: 6.744 Executing VM operation: HandshakeAllThreads done
Event: 6.782 Executing VM operation: HandshakeAllThreads
Event: 6.782 Executing VM operation: HandshakeAllThreads done

Events (20 events):
Event: 0.055 Thread 0x00000200a2cb0e90 Thread added: 0x00000200a2cb0e90
Event: 0.087 Thread 0x00000200a2d26a80 Thread added: 0x00000200a2d26a80
Event: 0.180 Thread 0x00000200a30d8a10 Thread added: 0x00000200a30d8a10
Event: 0.180 Thread 0x00000200a2ffe510 Thread added: 0x00000200a2ffe510
Event: 0.375 Thread 0x00000200a338f2d0 Thread added: 0x00000200a338f2d0
Event: 0.451 Thread 0x00000200a356c790 Thread added: 0x00000200a356c790
Event: 0.453 Thread 0x00000200a3597570 Thread added: 0x00000200a3597570
Event: 0.543 Thread 0x00000200a2d26a80 Thread exited: 0x00000200a2d26a80
Event: 0.557 Thread 0x00000200a7f448f0 Thread added: 0x00000200a7f448f0
Event: 0.560 Thread 0x00000200a7f43e50 Thread added: 0x00000200a7f43e50
Event: 0.710 Thread 0x00000200a812cec0 Thread added: 0x00000200a812cec0
Event: 0.929 Thread 0x00000200a7f47370 Thread added: 0x00000200a7f47370
Event: 1.077 Thread 0x00000200a7f45e30 Thread added: 0x00000200a7f45e30
Event: 1.264 Thread 0x00000200a812cec0 Thread exited: 0x00000200a812cec0
Event: 6.620 Thread 0x00000200a7f46380 Thread added: 0x00000200a7f46380
Event: 6.621 Thread 0x00000200a7f443a0 Thread added: 0x00000200a7f443a0
Event: 6.621 Thread 0x00000200a7f468d0 Thread added: 0x00000200a7f468d0
Event: 6.621 Thread 0x00000200a7f46380 Thread exited: 0x00000200a7f46380
Event: 6.791 Thread 0x00000200a7f44e40 Thread added: 0x00000200a7f44e40
Event: 7.662 Thread 0x00000200a7f458e0 Thread added: 0x00000200a7f458e0


Dynamic libraries:
0x00007ff7f6c70000 - 0x00007ff7f6c80000 	C:\Program Files\Java\jdk-19\bin\java.exe
0x00007ff951c30000 - 0x00007ff951e25000 	C:\Windows\SYSTEM32\ntdll.dll
0x00007ff950590000 - 0x00007ff95064e000 	C:\Windows\System32\KERNEL32.DLL
0x00007ff94f350000 - 0x00007ff94f619000 	C:\Windows\System32\KERNELBASE.dll
0x00007ff94f620000 - 0x00007ff94f720000 	C:\Windows\System32\ucrtbase.dll
0x00007ff90e8e0000 - 0x00007ff90e8fb000 	C:\Program Files\Java\jdk-19\bin\VCRUNTIME140.dll
0x00007ff901330000 - 0x00007ff901348000 	C:\Program Files\Java\jdk-19\bin\jli.dll
0x00007ff950cf0000 - 0x00007ff950d9c000 	C:\Windows\System32\ADVAPI32.dll
0x00007ff951780000 - 0x00007ff95181e000 	C:\Windows\System32\msvcrt.dll
0x00007ff951820000 - 0x00007ff9518bb000 	C:\Windows\System32\sechost.dll
0x00007ff950a40000 - 0x00007ff950b6a000 	C:\Windows\System32\RPCRT4.dll
0x00007ff94fc80000 - 0x00007ff94fe21000 	C:\Windows\System32\USER32.dll
0x00007ff94fc50000 - 0x00007ff94fc72000 	C:\Windows\System32\win32u.dll
0x00007ff939070000 - 0x00007ff93930a000 	C:\Windows\WinSxS\amd64_microsoft.windows.common-controls_6595b64144ccf1df_6.0.19041.1110_none_60b5254171f9507e\COMCTL32.dll
0x00007ff9516d0000 - 0x00007ff9516fb000 	C:\Windows\System32\GDI32.dll
0x00007ff94f720000 - 0x00007ff94f82b000 	C:\Windows\System32\gdi32full.dll
0x00007ff94f9f0000 - 0x00007ff94fa8d000 	C:\Windows\System32\msvcp_win.dll
0x00007ff9490b0000 - 0x00007ff9490ba000 	C:\Windows\SYSTEM32\VERSION.dll
0x00007ff9519e0000 - 0x00007ff951a10000 	C:\Windows\System32\IMM32.DLL
0x00007ff910a30000 - 0x00007ff910a3c000 	C:\Program Files\Java\jdk-19\bin\vcruntime140_1.dll
0x00007ff8fce00000 - 0x00007ff8fce8e000 	C:\Program Files\Java\jdk-19\bin\msvcp140.dll
0x00007ff8bdbd0000 - 0x00007ff8be890000 	C:\Program Files\Java\jdk-19\bin\server\jvm.dll
0x00007ff93db30000 - 0x00007ff93db57000 	C:\Windows\SYSTEM32\WINMM.dll
0x00007ff939580000 - 0x00007ff939589000 	C:\Windows\SYSTEM32\WSOCK32.dll
0x00007ff950e00000 - 0x00007ff950e6b000 	C:\Windows\System32\WS2_32.dll
0x00007ff94d250000 - 0x00007ff94d262000 	C:\Windows\SYSTEM32\kernel.appcore.dll
0x00007ff909710000 - 0x00007ff90971a000 	C:\Program Files\Java\jdk-19\bin\jimage.dll
0x00007ff93ace0000 - 0x00007ff93aec4000 	C:\Windows\SYSTEM32\DBGHELP.DLL
0x00007ff92cb80000 - 0x00007ff92cbac000 	C:\Windows\SYSTEM32\dbgcore.DLL
0x00007ff94fae0000 - 0x00007ff94fb63000 	C:\Windows\System32\bcryptPrimitives.dll
0x00007ff90e8d0000 - 0x00007ff90e8de000 	C:\Program Files\Java\jdk-19\bin\instrument.dll
0x00007ff8fcdd0000 - 0x00007ff8fcdf6000 	C:\Program Files\Java\jdk-19\bin\java.dll
0x00007ff8fb090000 - 0x00007ff8fb167000 	C:\Program Files\Java\jdk-19\bin\jsvml.dll
0x00007ff950f80000 - 0x00007ff9516bf000 	C:\Windows\System32\SHELL32.dll
0x00007ff94d450000 - 0x00007ff94dbe0000 	C:\Windows\SYSTEM32\windows.storage.dll
0x00007ff950650000 - 0x00007ff9509a5000 	C:\Windows\System32\combase.dll
0x00007ff94eda0000 - 0x00007ff94edcc000 	C:\Windows\SYSTEM32\Wldp.dll
0x00007ff950c40000 - 0x00007ff950cee000 	C:\Windows\System32\SHCORE.dll
0x00007ff951920000 - 0x00007ff951975000 	C:\Windows\System32\shlwapi.dll
0x00007ff94f290000 - 0x00007ff94f2af000 	C:\Windows\SYSTEM32\profapi.dll
0x00007ff900bc0000 - 0x00007ff900bd3000 	C:\Program Files\Java\jdk-19\bin\net.dll
0x00007ff947ae0000 - 0x00007ff947be8000 	C:\Windows\SYSTEM32\WINHTTP.dll
0x00007ff94eb00000 - 0x00007ff94eb6a000 	C:\Windows\system32\mswsock.dll
0x00007ff8fcdb0000 - 0x00007ff8fcdc6000 	C:\Program Files\Java\jdk-19\bin\nio.dll
0x00007ff8fcd90000 - 0x00007ff8fcda8000 	C:\Program Files\Java\jdk-19\bin\zip.dll
0x00007ff9096f0000 - 0x00007ff90970a000 	E:\IntelliJ IDEA Community Edition 2023.1.2\bin\breakgen64.dll
0x000002009e9e0000 - 0x000002009e9e3000 	C:\Users\Ilya\.openjfx\cache\19+11\amd64\api-ms-win-core-console-l1-1-0.dll
0x000002009e9f0000 - 0x000002009e9f3000 	C:\Users\Ilya\.openjfx\cache\19+11\amd64\api-ms-win-core-console-l1-2-0.dll
0x000002009ea00000 - 0x000002009ea03000 	C:\Users\Ilya\.openjfx\cache\19+11\amd64\api-ms-win-core-datetime-l1-1-0.dll
0x000002009ea10000 - 0x000002009ea13000 	C:\Users\Ilya\.openjfx\cache\19+11\amd64\api-ms-win-core-debug-l1-1-0.dll
0x000002009ea20000 - 0x000002009ea23000 	C:\Users\Ilya\.openjfx\cache\19+11\amd64\api-ms-win-core-errorhandling-l1-1-0.dll
0x000002009ea30000 - 0x000002009ea34000 	C:\Users\Ilya\.openjfx\cache\19+11\amd64\api-ms-win-core-file-l1-1-0.dll
0x000002009ea40000 - 0x000002009ea43000 	C:\Users\Ilya\.openjfx\cache\19+11\amd64\api-ms-win-core-file-l1-2-0.dll
0x000002009ea50000 - 0x000002009ea53000 	C:\Users\Ilya\.openjfx\cache\19+11\amd64\api-ms-win-core-file-l2-1-0.dll
0x000002009ea60000 - 0x000002009ea63000 	C:\Users\Ilya\.openjfx\cache\19+11\amd64\api-ms-win-core-handle-l1-1-0.dll
0x000002009ea70000 - 0x000002009ea73000 	C:\Users\Ilya\.openjfx\cache\19+11\amd64\api-ms-win-core-heap-l1-1-0.dll
0x000002009ea80000 - 0x000002009ea83000 	C:\Users\Ilya\.openjfx\cache\19+11\amd64\api-ms-win-core-interlocked-l1-1-0.dll
0x000002009ea90000 - 0x000002009ea93000 	C:\Users\Ilya\.openjfx\cache\19+11\amd64\api-ms-win-core-libraryloader-l1-1-0.dll
0x000002009eaa0000 - 0x000002009eaa3000 	C:\Users\Ilya\.openjfx\cache\19+11\amd64\api-ms-win-core-localization-l1-2-0.dll
0x000002009eab0000 - 0x000002009eab3000 	C:\Users\Ilya\.openjfx\cache\19+11\amd64\api-ms-win-core-memory-l1-1-0.dll
0x000002009eac0000 - 0x000002009eac3000 	C:\Users\Ilya\.openjfx\cache\19+11\amd64\api-ms-win-core-namedpipe-l1-1-0.dll
0x000002009ead0000 - 0x000002009ead3000 	C:\Users\Ilya\.openjfx\cache\19+11\amd64\api-ms-win-core-processenvironment-l1-1-0.dll
0x000002009eae0000 - 0x000002009eae3000 	C:\Users\Ilya\.openjfx\cache\19+11\amd64\api-ms-win-core-processthreads-l1-1-0.dll
0x000002009eaf0000 - 0x000002009eaf3000 	C:\Users\Ilya\.openjfx\cache\19+11\amd64\api-ms-win-core-processthreads-l1-1-1.dll
0x000002009eb00000 - 0x000002009eb03000 	C:\Users\Ilya\.openjfx\cache\19+11\amd64\api-ms-win-core-profile-l1-1-0.dll
0x000002009eb10000 - 0x000002009eb13000 	C:\Users\Ilya\.openjfx\cache\19+11\amd64\api-ms-win-core-rtlsupport-l1-1-0.dll
0x000002009eb20000 - 0x000002009eb23000 	C:\Users\Ilya\.openjfx\cache\19+11\amd64\api-ms-win-core-string-l1-1-0.dll
0x000002009eb30000 - 0x000002009eb33000 	C:\Users\Ilya\.openjfx\cache\19+11\amd64\api-ms-win-core-synch-l1-1-0.dll
0x000002009eb40000 - 0x000002009eb43000 	C:\Users\Ilya\.openjfx\cache\19+11\amd64\api-ms-win-core-synch-l1-2-0.dll
0x000002009eb50000 - 0x000002009eb53000 	C:\Users\Ilya\.openjfx\cache\19+11\amd64\api-ms-win-core-sysinfo-l1-1-0.dll
0x000002009eb60000 - 0x000002009eb63000 	C:\Users\Ilya\.openjfx\cache\19+11\amd64\api-ms-win-core-timezone-l1-1-0.dll
0x000002009eb70000 - 0x000002009eb73000 	C:\Users\Ilya\.openjfx\cache\19+11\amd64\api-ms-win-core-util-l1-1-0.dll
0x000002009eb80000 - 0x000002009eb83000 	C:\Users\Ilya\.openjfx\cache\19+11\amd64\api-ms-win-crt-conio-l1-1-0.dll
0x000002009eb90000 - 0x000002009eb94000 	C:\Users\Ilya\.openjfx\cache\19+11\amd64\api-ms-win-crt-convert-l1-1-0.dll
0x000002009eba0000 - 0x000002009eba3000 	C:\Users\Ilya\.openjfx\cache\19+11\amd64\api-ms-win-crt-environment-l1-1-0.dll
0x000002009ebb0000 - 0x000002009ebb3000 	C:\Users\Ilya\.openjfx\cache\19+11\amd64\api-ms-win-crt-filesystem-l1-1-0.dll
0x000002009ebc0000 - 0x000002009ebc3000 	C:\Users\Ilya\.openjfx\cache\19+11\amd64\api-ms-win-crt-heap-l1-1-0.dll
0x000002009ebd0000 - 0x000002009ebd3000 	C:\Users\Ilya\.openjfx\cache\19+11\amd64\api-ms-win-crt-locale-l1-1-0.dll
0x000002009ebe0000 - 0x000002009ebe5000 	C:\Users\Ilya\.openjfx\cache\19+11\amd64\api-ms-win-crt-math-l1-1-0.dll
0x000002009ebf0000 - 0x000002009ebf5000 	C:\Users\Ilya\.openjfx\cache\19+11\amd64\api-ms-win-crt-multibyte-l1-1-0.dll
0x00000200a3800000 - 0x00000200a3810000 	C:\Users\Ilya\.openjfx\cache\19+11\amd64\api-ms-win-crt-private-l1-1-0.dll
0x00000200a3810000 - 0x00000200a3813000 	C:\Users\Ilya\.openjfx\cache\19+11\amd64\api-ms-win-crt-process-l1-1-0.dll
0x00000200a3820000 - 0x00000200a3824000 	C:\Users\Ilya\.openjfx\cache\19+11\amd64\api-ms-win-crt-runtime-l1-1-0.dll
0x00000200a3830000 - 0x00000200a3834000 	C:\Users\Ilya\.openjfx\cache\19+11\amd64\api-ms-win-crt-stdio-l1-1-0.dll
0x00000200a3840000 - 0x00000200a3844000 	C:\Users\Ilya\.openjfx\cache\19+11\amd64\api-ms-win-crt-string-l1-1-0.dll
0x00000200a3850000 - 0x00000200a3853000 	C:\Users\Ilya\.openjfx\cache\19+11\amd64\api-ms-win-crt-time-l1-1-0.dll
0x00000200a3860000 - 0x00000200a3863000 	C:\Users\Ilya\.openjfx\cache\19+11\amd64\api-ms-win-crt-utility-l1-1-0.dll
0x00007ff9095a0000 - 0x00007ff90969c000 	C:\Users\Ilya\.openjfx\cache\19+11\amd64\ucrtbase.dll
0x00007ff909580000 - 0x00007ff90959b000 	C:\Users\Ilya\.openjfx\cache\19+11\amd64\vcruntime140.dll
0x00007ff909570000 - 0x00007ff90957c000 	C:\Users\Ilya\.openjfx\cache\19+11\amd64\vcruntime140_1.dll
0x00007ff9094e0000 - 0x00007ff90956e000 	C:\Users\Ilya\.openjfx\cache\19+11\amd64\msvcp140.dll
0x00007ff9094b0000 - 0x00007ff9094b9000 	C:\Users\Ilya\.openjfx\cache\19+11\amd64\msvcp140_1.dll
0x00007ff909480000 - 0x00007ff9094b0000 	C:\Users\Ilya\.openjfx\cache\19+11\amd64\msvcp140_2.dll
0x00007ff909450000 - 0x00007ff90947c000 	C:\Users\Ilya\.openjfx\cache\19+11\amd64\prism_d3d.dll
0x00007ff8fb170000 - 0x00007ff8fb33e000 	C:\Windows\system32\d3d9.dll
0x00007ff94d140000 - 0x00007ff94d16f000 	C:\Windows\SYSTEM32\dwmapi.dll
0x00007ff94ccf0000 - 0x00007ff94cd8e000 	C:\Windows\system32\uxtheme.dll
0x00007ff944f20000 - 0x00007ff944fdd000 	C:\Windows\System32\DriverStore\FileRepository\nvmiig.inf_amd64_4f1add6660ad83a6\nvldumdx.dll
0x00007ff94ef30000 - 0x00007ff94ef42000 	C:\Windows\SYSTEM32\msasn1.dll
0x00007ff948ee0000 - 0x00007ff948f11000 	C:\Windows\SYSTEM32\cryptnet.dll
0x00007ff94f890000 - 0x00007ff94f9e6000 	C:\Windows\System32\CRYPT32.dll
0x00007ff948d00000 - 0x00007ff948e4a000 	C:\Windows\SYSTEM32\drvstore.dll
0x00007ff94f110000 - 0x00007ff94f144000 	C:\Windows\SYSTEM32\devobj.dll
0x00007ff94fa90000 - 0x00007ff94fade000 	C:\Windows\System32\cfgmgr32.dll
0x00007ff94ecf0000 - 0x00007ff94ecfc000 	C:\Windows\SYSTEM32\cryptbase.dll
0x00007ff94f830000 - 0x00007ff94f890000 	C:\Windows\System32\WINTRUST.DLL
0x00007ff950e70000 - 0x00007ff950e8d000 	C:\Windows\System32\imagehlp.dll
0x00007ff94ed00000 - 0x00007ff94ed18000 	C:\Windows\SYSTEM32\CRYPTSP.dll
0x00007ff94e410000 - 0x00007ff94e444000 	C:\Windows\system32\rsaenh.dll
0x00007ff94fc20000 - 0x00007ff94fc47000 	C:\Windows\System32\bcrypt.dll
0x00007ff8c27f0000 - 0x00007ff8c56e6000 	C:\Windows\System32\DriverStore\FileRepository\nvmiig.inf_amd64_4f1add6660ad83a6\nvd3dumx.dll
0x00007ff8f9c60000 - 0x00007ff8f9e0f000 	C:\Windows\System32\DriverStore\FileRepository\iigd_dch.inf_amd64_51f685305808e3a5\igdumdim64.dll
0x00007ff951a10000 - 0x00007ff951b3a000 	C:\Windows\System32\ole32.dll
0x00007ff8bf740000 - 0x00007ff8c27e3000 	C:\Windows\System32\DriverStore\FileRepository\iigd_dch.inf_amd64_51f685305808e3a5\igd9dxva64.dll
0x00007ff950b70000 - 0x00007ff950c3d000 	C:\Windows\System32\OLEAUT32.dll
0x00007ff94ff50000 - 0x00007ff9503c2000 	C:\Windows\System32\SETUPAPI.dll
0x00007ff933340000 - 0x00007ff933749000 	C:\Windows\System32\DriverStore\FileRepository\iigd_dch.inf_amd64_51f685305808e3a5\igdgmm64.dll
0x00007ff909400000 - 0x00007ff909442000 	C:\Users\Ilya\.openjfx\cache\19+11\amd64\glass.dll
0x00007ff950e90000 - 0x00007ff950f6a000 	C:\Windows\System32\COMDLG32.dll
0x00007ff94fe30000 - 0x00007ff94ff45000 	C:\Windows\System32\MSCTF.dll
0x00007ff909040000 - 0x00007ff909311000 	C:\Windows\system32\nvspcap64.dll
0x00007ff94e040000 - 0x00007ff94e073000 	C:\Windows\SYSTEM32\ntmarta.dll
0x00007ff94dbf0000 - 0x00007ff94dc13000 	C:\Windows\SYSTEM32\gpapi.dll
0x00007ff947510000 - 0x00007ff94754b000 	C:\Windows\SYSTEM32\dxcore.dll
0x00007ff9093e0000 - 0x00007ff9093f4000 	C:\Users\Ilya\.openjfx\cache\19+11\amd64\javafx_font.dll
0x00007ff93c820000 - 0x00007ff93caa3000 	C:\Windows\SYSTEM32\dwrite.dll
0x00007ff951b40000 - 0x00007ff951be9000 	C:\Windows\System32\clbcatq.dll
0x00007ff947ec0000 - 0x00007ff948074000 	C:\Windows\SYSTEM32\WindowsCodecs.dll

dbghelp: loaded successfully - version: 4.0.5 - missing functions: none
symbol engine: initialized successfully - sym options: 0x614 - pdb path: .;C:\Program Files\Java\jdk-19\bin;C:\Windows\SYSTEM32;C:\Windows\WinSxS\amd64_microsoft.windows.common-controls_6595b64144ccf1df_6.0.19041.1110_none_60b5254171f9507e;C:\Program Files\Java\jdk-19\bin\server;E:\IntelliJ IDEA Community Edition 2023.1.2\bin;C:\Users\Ilya\.openjfx\cache\19+11\amd64;C:\Windows\System32\DriverStore\FileRepository\nvmiig.inf_amd64_4f1add6660ad83a6;C:\Windows\System32\DriverStore\FileRepository\iigd_dch.inf_amd64_51f685305808e3a5;C:\Program Files\Common Files\Microsoft Shared\Ink;C:\Temp\jna-2282379

VM Arguments:
jvm_args: -javaagent:E:\IntelliJ IDEA Community Edition 2023.1.2\lib\idea_rt.jar=63200:E:\IntelliJ IDEA Community Edition 2023.1.2\bin -Dfile.encoding=UTF-8 -Dsun.stdout.encoding=UTF-8 -Dsun.stderr.encoding=UTF-8 --module-path=C:\Users\Ilya\.m2\repository\net\java\dev\jna\jna-platform\5.13.0\jna-platform-5.13.0.jar;C:\Users\Ilya\.m2\repository\io\netty\netty-codec\4.1.93.Final\netty-codec-4.1.93.Final.jar;C:\Users\Ilya\.m2\repository\org\openjfx\javafx-controls\19\javafx-controls-19-win.jar;C:\Users\Ilya\.m2\repository\org\openjfx\javafx-base\19\javafx-base-19-win.jar;C:\Users\Ilya\.m2\repository\net\java\dev\jna\jna\5.13.0\jna-5.13.0.jar;C:\Users\Ilya\.m2\repository\org\openjfx\javafx-graphics\19\javafx-graphics-19-win.jar;C:\Users\Ilya\IdeaProjects\SaurenClient\target\classes;C:\Users\Ilya\.m2\repository\org\openjfx\javafx-fxml\19\javafx-fxml-19-win.jar;C:\Users\Ilya\.m2\repository\io\netty\netty-transport\4.1.93.Final\netty-transport-4.1.93.Final.jar -Djdk.module.main=com.example.client 
java_command: com.example.client/com.sauren.sauren.HelloApplication
java_class_path (initial): C:\Users\Ilya\.m2\repository\org\openjfx\javafx-controls\19\javafx-controls-19.jar;C:\Users\Ilya\.m2\repository\org\openjfx\javafx-graphics\19\javafx-graphics-19.jar;C:\Users\Ilya\.m2\repository\org\openjfx\javafx-base\19\javafx-base-19.jar;C:\Users\Ilya\.m2\repository\org\openjfx\javafx-fxml\19\javafx-fxml-19.jar;C:\Users\Ilya\.m2\repository\io\netty\netty-all\4.1.93.Final\netty-all-4.1.93.Final.jar;C:\Users\Ilya\.m2\repository\io\netty\netty-buffer\4.1.93.Final\netty-buffer-4.1.93.Final.jar;C:\Users\Ilya\.m2\repository\io\netty\netty-codec-dns\4.1.93.Final\netty-codec-dns-4.1.93.Final.jar;C:\Users\Ilya\.m2\repository\io\netty\netty-codec-haproxy\4.1.93.Final\netty-codec-haproxy-4.1.93.Final.jar;C:\Users\Ilya\.m2\repository\io\netty\netty-codec-http\4.1.93.Final\netty-codec-http-4.1.93.Final.jar;C:\Users\Ilya\.m2\repository\io\netty\netty-codec-http2\4.1.93.Final\netty-codec-http2-4.1.93.Final.jar;C:\Users\Ilya\.m2\repository\io\netty\netty-codec-memcache\4.1.93.Final\netty-codec-memcache-4.1.93.Final.jar;C:\Users\Ilya\.m2\repository\io\netty\netty-codec-mqtt\4.1.93.Final\netty-codec-mqtt-4.1.93.Final.jar;C:\Users\Ilya\.m2\repository\io\netty\netty-codec-redis\4.1.93.Final\netty-codec-redis-4.1.93.Final.jar;C:\Users\Ilya\.m2\repository\io\netty\netty-codec-smtp\4.1.93.Final\netty-codec-smtp-4.1.93.Final.jar;C:\Users\Ilya\.m2\repository\io\netty\netty-codec-socks\4.1.93.Final\netty-codec-socks-4.1.93.Final.jar;C:\Users\Ilya\.m2\repository\io\netty\netty-codec-stomp\4.1.93.Final\netty-codec-stomp-4.1.93.Final.jar;C:\Users\Ilya\.m2\repository\io\netty\netty-codec-xml\4.1.93.Final\netty-codec-xml-4.1.93.Final.jar;C:\Users\Ilya\.m2\repository\io\netty\netty-common\4.1.93.Final\netty-common-4.1.93.Final.jar;C:\Users\Ilya\.m2\repository\io\netty\netty-handler\4.1.93.Final\netty-handler-4.1.93.Final.jar;C:\Users\Ilya\.m2\repository\io\netty\netty-transport-native-unix-common\4.1.93.Final\netty-transport-native-unix-common-4.1.93.Final.jar;C:\Users\Ilya\.m2\repository\io\netty\netty-handler-proxy\4.1.93.Final\netty-handler-proxy-4.1.93.Final.jar;C:\Users\Ilya\.m2\repository\io\netty\netty-handler-ssl-ocsp\4.1.93.Final\netty-handler-ssl-ocsp-4.1.93.Final.jar;C:\Users\Ilya\.m2\repository\io\netty\netty-resolver\4.1.93.Final\netty-resolver-4.1.93.Final.jar;C:\Users\Ilya\.m2\repository\io\netty\netty-resolver-dns\4.1.93.Final\netty-resolver-dns-4.1.93.Final.jar;C:\Users\Ilya\.m2\repository\io\netty\netty-transport-rxtx\4.1.93.Final\netty-transport-rxtx-4.1.93.Final.jar;C:\Users\Ilya\.m2\repository\io\netty\netty-transport-sctp\4.1.93.Final\netty-transport-sctp-4.1.93.Final.jar;C:\Users\Ilya\.m2\repository\io\netty\netty-transport-udt\4.1.93.Final\netty-transport-udt-4.1.93.Final.jar;C:\Users\Ilya\.m2\repository\io\netty\netty-transport-classes-epoll\4.1.93.Final\netty-transport-classes-epoll-4.1.93.Final.jar;C:\Users\Ilya\.m2\repository\io\netty\netty-transport-classes-kqueue\4.1.93.Final\netty-transport-classes-kqueue-4.1.93.Final.jar;C:\Users\Ilya\.m2\repository\io\netty\netty-resolver-dns-classes-macos\4.1.93.Final\netty-resolver-dns-classes-macos-4.1.93.Final.jar;C:\Users\Ilya\.m2\repository\io\netty\netty-transport-native-epoll\4.1.93.Final\netty-transport-native-epoll-4.1.93.Final-linux-x86_64.jar;C:\Users\Ilya\.m2\repository\io\netty\netty-transport-native-epoll\4.1.93.Final\netty-transport-native-epoll-4.1.93.Final-linux-aarch_64.jar;C:\Users\Ilya\.m2\repository\io\netty\netty-transport-native-kqueue\4.1.93.Final\netty-transport-native-kqueue-4.1.93.Final-osx-x86_64.jar;C:\Users\Ilya\.m2\repository\io\netty\netty-transport-native-kqueue\4.1.93.Final\netty-transport-native-kqueue-4.1.93.Final-osx-aarch_64.jar;C:\Users\Ilya\.m2\repository\io\netty\netty-resolver-dns-native-macos\4.1.93.Final\netty-resolver-dns-native-macos-4.1.93.Final-osx-x86_64.jar;C:\Users\Ilya\.m2\repository\io\netty\netty-resolver-dns-native-macos\4.1.93.Final\netty-resolver-dns-native-macos-4.1.93.Final-osx-aarch_64.jar;E:\Platform3.4.0\platform-3.4.0.jar;E:\3.4.0\jna-3.4.0.jar
Launcher Type: SUN_STANDARD

[Global flags]
     intx CICompilerCount                          = 4                                         {product} {ergonomic}
     uint ConcGCThreads                            = 2                                         {product} {ergonomic}
     uint G1ConcRefinementThreads                  = 8                                         {product} {ergonomic}
   size_t G1HeapRegionSize                         = 1048576                                   {product} {ergonomic}
    uintx GCDrainStackTargetSize                   = 64                                        {product} {ergonomic}
   size_t InitialHeapSize                          = 132120576                                 {product} {ergonomic}
   size_t MarkStackSize                            = 4194304                                   {product} {ergonomic}
   size_t MaxHeapSize                              = 2107637760                                {product} {ergonomic}
   size_t MaxNewSize                               = 1264582656                                {product} {ergonomic}
   size_t MinHeapDeltaBytes                        = 1048576                                   {product} {ergonomic}
   size_t MinHeapSize                              = 8388608                                   {product} {ergonomic}
    uintx NonNMethodCodeHeapSize                   = 5839372                                {pd product} {ergonomic}
    uintx NonProfiledCodeHeapSize                  = 122909434                              {pd product} {ergonomic}
    uintx ProfiledCodeHeapSize                     = 122909434                              {pd product} {ergonomic}
    uintx ReservedCodeCacheSize                    = 251658240                              {pd product} {ergonomic}
     bool SegmentedCodeCache                       = true                                      {product} {ergonomic}
   size_t SoftMaxHeapSize                          = 2107637760                             {manageable} {ergonomic}
     bool UseCompressedClassPointers               = true                           {product lp64_product} {ergonomic}
     bool UseCompressedOops                        = true                           {product lp64_product} {ergonomic}
     bool UseG1GC                                  = true                                      {product} {ergonomic}
     bool UseLargePagesIndividualAllocation        = false                                  {pd product} {ergonomic}

Logging:
Log output configuration:
 #0: stdout all=warning uptime,level,tags foldmultilines=false
 #1: stderr all=off uptime,level,tags foldmultilines=false

Environment Variables:
PATH=C:\Program Files\Common Files\Oracle\Java\javapath;C:\Program Files (x86)\Common Files\Oracle\Java\javapath;C:\Windows\system32;C:\Windows;C:\Windows\System32\Wbem;C:\Windows\System32\WindowsPowerShell\v1.0\;C:\Program Files (x86)\NVIDIA Corporation\PhysX\Common;C:\Program Files\NVIDIA Corporation\NVIDIA NvDLISR;C:\Program Files\Microsoft SQL Server\150\Tools\Binn\;C:\Program Files\dotnet\;C:\Users\Ilya\AppData\Local\Microsoft\WindowsApps;E:\IntelliJ IDEA Community Edition 2023.1.2\bin;;C:\Users\Ilya\.dotnet\tools;C:\Users\Ilya\AppData\Local\GitHubDesktop\bin
USERNAME=Ilya
OS=Windows_NT
PROCESSOR_IDENTIFIER=Intel64 Family 6 Model 158 Stepping 13, GenuineIntel
TMP=C:\Temp
TEMP=C:\Temp



---------------  S Y S T E M  ---------------

OS:
 Windows 10 , 64 bit Build 19041 (10.0.19041.1200)
OS uptime: 0 days 9:58 hours

CPU: total 8 (initial active 8) (4 cores per cpu, 2 threads per core) family 6 model 158 stepping 13 microcode 0xb8, cx8, cmov, fxsr, ht, mmx, 3dnowpref, sse, sse2, sse3, ssse3, sse4.1, sse4.2, popcnt, lzcnt, tsc, tscinvbit, avx, avx2, aes, erms, clmul, bmi1, bmi2, adx, fma, vzeroupper, clflush, clflushopt, rdtscp

Memory: 4k page, system-wide physical 8032M (375M free)
TotalPageFile size 16008M (AvailPageFile size 2368M)
current process WorkingSet (physical memory assigned to process): 150M, peak: 150M
current process commit charge ("private bytes"): 286M, peak: 286M

vm_info: Java HotSpot(TM) 64-Bit Server VM (19.0.2+7-44) for windows-amd64 JRE (19.0.2+7-44), built on 2022-11-30T18:02:09Z by "mach5one" with MS VC++ 17.1 (VS2022)

END.
